API KEY: 73b499b7-26a2-44d3-84f9-170535240aaa
✅ Сохранено 1000 уникальных авто в vehicles.json
API KEY: 73b499b7-26a2-44d3-84f9-170535240aaa
✅ Сохранено 1000 уникальных авто в vehicles.json
API KEY: 73b499b7-26a2-44d3-84f9-170535240aaa
✅ Сохранено 1000 уникальных авто в vehicles.json
API KEY: 73b499b7-26a2-44d3-84f9-170535240aaa
✅ Сохранено 1000 уникальных авто в vehicles.json
API KEY: 73b499b7-26a2-44d3-84f9-170535240aaa
✅ Сохранено 1000 уникальных авто в vehicles.json
API KEY: 73b499b7-26a2-44d3-84f9-170535240aaa
✅ Сохранено 1000 уникальных авто в vehicles.json
API KEY: 73b499b7-26a2-44d3-84f9-170535240aaa
✅ Сохранено 1000 уникальных авто в vehicles.json
API KEY: 73b499b7-26a2-44d3-84f9-170535240aaa
✅ Сохранено 1000 уникальных авто в vehicles.json
API KEY: 73b499b7-26a2-44d3-84f9-170535240aaa
✅ Сохранено 1000 уникальных авто в vehicles.json
API KEY: 73b499b7-26a2-44d3-84f9-170535240aaa
✅ Сохранено 1000 уникальных авто в vehicles.json
API KEY: 73b499b7-26a2-44d3-84f9-170535240aaa
✅ Сохранено 1000 уникальных авто в vehicles.json
API KEY: 73b499b7-26a2-44d3-84f9-170535240aaa
✅ Сохранено 1000 уникальных авто в vehicles.json
API KEY: 73b499b7-26a2-44d3-84f9-170535240aaa
✅ Сохранено 1000 уникальных авто в vehicles.json
API KEY: 73b499b7-26a2-44d3-84f9-170535240aaa
✅ Сохранено 1000 уникальных авто в vehicles.json
API KEY: 73b499b7-26a2-44d3-84f9-170535240aaa
✅ Сохранено 1000 уникальных авто в vehicles.json
API KEY: 73b499b7-26a2-44d3-84f9-170535240aaa
✅ Сохранено 1000 уникальных авто в vehicles.json
API KEY: 73b499b7-26a2-44d3-84f9-170535240aaa
✅ Сохранено 1000 уникальных авто в vehicles.json
API KEY: 73b499b7-26a2-44d3-84f9-170535240aaa
✅ Сохранено 1000 уникальных авто в vehicles.json
API KEY: 73b499b7-26a2-44d3-84f9-170535240aaa
✅ Сохранено 1000 уникальных авто в vehicles.json
API KEY: 73b499b7-26a2-44d3-84f9-170535240aaa
✅ Сохранено 1000 уникальных авто в vehicles.json
API KEY: 73b499b7-26a2-44d3-84f9-170535240aaa
✅ Сохранено 1000 уникальных авто в vehicles.json
API KEY: 73b499b7-26a2-44d3-84f9-170535240aaa
✅ Сохранено 1000 уникальных авто в vehicles.json
API KEY: 73b499b7-26a2-44d3-84f9-170535240aaa
✅ Сохранено 1000 уникальных авто в vehicles.json
API KEY: 73b499b7-26a2-44d3-84f9-170535240aaa
✅ Сохранено 1000 уникальных авто в vehicles.json
API KEY: 73b499b7-26a2-44d3-84f9-170535240aaa
✅ Сохранено 1000 уникальных авто в vehicles.json
API KEY: 73b499b7-26a2-44d3-84f9-170535240aaa
✅ Сохранено 1000 уникальных авто в vehicles.json
API KEY: 73b499b7-26a2-44d3-84f9-170535240aaa
✅ Сохранено 1000 уникальных авто в vehicles.json
API KEY: 73b499b7-26a2-44d3-84f9-170535240aaa
✅ Сохранено 1000 уникальных авто в vehicles.json
API KEY: 73b499b7-26a2-44d3-84f9-170535240aaa
❌ Ошибка при обновлении данных: CarapisClientError: HTTP error 521 for GET /apix/encar/v2/vehicles/: <none>
    at CarapisClient.<anonymous> (/var/www/myproject/node_modules/encar/dist/client.js:177:31)
    at Generator.throw (<anonymous>)
    at rejected (/var/www/myproject/node_modules/encar/dist/client.js:6:65)
    at process.processTicksAndRejections (node:internal/process/task_queues:95:5) {
  status: 521,
  details: ''
}
API KEY: 73b499b7-26a2-44d3-84f9-170535240aaa
✅ Сохранено 1000 уникальных авто в vehicles.json
API KEY: 73b499b7-26a2-44d3-84f9-170535240aaa
✅ Сохранено 1000 уникальных авто в vehicles.json
API KEY: 73b499b7-26a2-44d3-84f9-170535240aaa
✅ Сохранено 1000 уникальных авто в vehicles.json
API KEY: 73b499b7-26a2-44d3-84f9-170535240aaa
✅ Сохранено 1000 уникальных авто в vehicles.json
API KEY: 73b499b7-26a2-44d3-84f9-170535240aaa
✅ Сохранено 1000 уникальных авто в vehicles.json
API KEY: 73b499b7-26a2-44d3-84f9-170535240aaa
✅ Сохранено 1000 уникальных авто в vehicles.json
API KEY: 73b499b7-26a2-44d3-84f9-170535240aaa
✅ Сохранено 1000 уникальных авто в vehicles.json
API KEY: 73b499b7-26a2-44d3-84f9-170535240aaa
✅ Сохранено 1000 уникальных авто в vehicles.json
API KEY: 73b499b7-26a2-44d3-84f9-170535240aaa
✅ Сохранено 1000 уникальных авто в vehicles.json
API KEY: 73b499b7-26a2-44d3-84f9-170535240aaa
✅ Сохранено 1000 уникальных авто в vehicles.json
API KEY: 73b499b7-26a2-44d3-84f9-170535240aaa
✅ Сохранено 1000 уникальных авто в vehicles.json
API KEY: 73b499b7-26a2-44d3-84f9-170535240aaa
✅ Сохранено 1000 уникальных авто в vehicles.json
API KEY: 73b499b7-26a2-44d3-84f9-170535240aaa
✅ Сохранено 1000 уникальных авто в vehicles.json
API KEY: 73b499b7-26a2-44d3-84f9-170535240aaa
✅ Сохранено 1000 уникальных авто в vehicles.json
API KEY: 73b499b7-26a2-44d3-84f9-170535240aaa
✅ Сохранено 1000 уникальных авто в vehicles.json
API KEY: 73b499b7-26a2-44d3-84f9-170535240aaa
✅ Сохранено 1000 уникальных авто в vehicles.json
API KEY: 73b499b7-26a2-44d3-84f9-170535240aaa
✅ Сохранено 1000 уникальных авто в vehicles.json
API KEY: 73b499b7-26a2-44d3-84f9-170535240aaa
✅ Сохранено 1000 уникальных авто в vehicles.json
API KEY: 73b499b7-26a2-44d3-84f9-170535240aaa
✅ Сохранено 1000 уникальных авто в vehicles.json
API KEY: 73b499b7-26a2-44d3-84f9-170535240aaa
✅ Сохранено 1000 уникальных авто в vehicles.json
API KEY: 73b499b7-26a2-44d3-84f9-170535240aaa
✅ Сохранено 1000 уникальных авто в vehicles.json
API KEY: 73b499b7-26a2-44d3-84f9-170535240aaa
✅ Сохранено 1000 уникальных авто в vehicles.json
API KEY: 73b499b7-26a2-44d3-84f9-170535240aaa
✅ Сохранено 1000 уникальных авто в vehicles.json
API KEY: 73b499b7-26a2-44d3-84f9-170535240aaa
✅ Сохранено 1000 уникальных авто в vehicles.json
API KEY: 73b499b7-26a2-44d3-84f9-170535240aaa
✅ Сохранено 1000 уникальных авто в vehicles.json
API KEY: 73b499b7-26a2-44d3-84f9-170535240aaa
✅ Сохранено 1000 уникальных авто в vehicles.json
API KEY: 73b499b7-26a2-44d3-84f9-170535240aaa
✅ Сохранено 1000 уникальных авто в vehicles.json
API KEY: 73b499b7-26a2-44d3-84f9-170535240aaa
✅ Сохранено 1000 уникальных авто в vehicles.json
API KEY: 73b499b7-26a2-44d3-84f9-170535240aaa
✅ Сохранено 1000 уникальных авто в vehicles.json
API KEY: 73b499b7-26a2-44d3-84f9-170535240aaa
✅ Сохранено 1000 уникальных авто в vehicles.json
API KEY: 73b499b7-26a2-44d3-84f9-170535240aaa
✅ Сохранено 1000 уникальных авто в vehicles.json
API KEY: 73b499b7-26a2-44d3-84f9-170535240aaa
✅ Сохранено 1000 уникальных авто в vehicles.json
API KEY: 73b499b7-26a2-44d3-84f9-170535240aaa
✅ Сохранено 1000 уникальных авто в vehicles.json
API KEY: 73b499b7-26a2-44d3-84f9-170535240aaa
✅ Сохранено 1000 уникальных авто в vehicles.json
API KEY: 73b499b7-26a2-44d3-84f9-170535240aaa
✅ Сохранено 1000 уникальных авто в vehicles.json
API KEY: 73b499b7-26a2-44d3-84f9-170535240aaa
✅ Сохранено 1000 уникальных авто в vehicles.json
API KEY: 73b499b7-26a2-44d3-84f9-170535240aaa
❌ Ошибка при обновлении данных: CarapisClientError: HTTP error 401 for GET /apix/encar/v2/vehicles/: Monthly API request limit for free tier exceeded.
    at CarapisClient.<anonymous> (/var/www/myproject/node_modules/encar/dist/client.js:173:31)
    at Generator.throw (<anonymous>)
    at rejected (/var/www/myproject/node_modules/encar/dist/client.js:6:65)
    at process.processTicksAndRejections (node:internal/process/task_queues:95:5) {
  status: 401,
  details: { detail: 'Monthly API request limit for free tier exceeded.' }
}
API KEY: 73b499b7-26a2-44d3-84f9-170535240aaa
❌ Ошибка при обновлении данных: CarapisClientError: HTTP error 401 for GET /apix/encar/v2/vehicles/: Monthly API request limit for free tier exceeded.
    at CarapisClient.<anonymous> (/var/www/myproject/node_modules/encar/dist/client.js:173:31)
    at Generator.throw (<anonymous>)
    at rejected (/var/www/myproject/node_modules/encar/dist/client.js:6:65)
    at process.processTicksAndRejections (node:internal/process/task_queues:95:5) {
  status: 401,
  details: { detail: 'Monthly API request limit for free tier exceeded.' }
}
API KEY: 73b499b7-26a2-44d3-84f9-170535240aaa
❌ Ошибка при обновлении данных: CarapisClientError: HTTP error 401 for GET /apix/encar/v2/vehicles/: Monthly API request limit for free tier exceeded.
    at CarapisClient.<anonymous> (/var/www/myproject/node_modules/encar/dist/client.js:173:31)
    at Generator.throw (<anonymous>)
    at rejected (/var/www/myproject/node_modules/encar/dist/client.js:6:65)
    at process.processTicksAndRejections (node:internal/process/task_queues:95:5) {
  status: 401,
  details: { detail: 'Monthly API request limit for free tier exceeded.' }
}
API KEY: 73b499b7-26a2-44d3-84f9-170535240aaa
❌ Ошибка при обновлении данных: CarapisClientError: HTTP error 401 for GET /apix/encar/v2/vehicles/: Monthly API request limit for free tier exceeded.
    at CarapisClient.<anonymous> (/var/www/myproject/node_modules/encar/dist/client.js:173:31)
    at Generator.throw (<anonymous>)
    at rejected (/var/www/myproject/node_modules/encar/dist/client.js:6:65)
    at process.processTicksAndRejections (node:internal/process/task_queues:95:5) {
  status: 401,
  details: { detail: 'Monthly API request limit for free tier exceeded.' }
}
API KEY: 73b499b7-26a2-44d3-84f9-170535240aaa
❌ Ошибка при обновлении данных: CarapisClientError: HTTP error 401 for GET /apix/encar/v2/vehicles/: Monthly API request limit for free tier exceeded.
    at CarapisClient.<anonymous> (/var/www/myproject/node_modules/encar/dist/client.js:173:31)
    at Generator.throw (<anonymous>)
    at rejected (/var/www/myproject/node_modules/encar/dist/client.js:6:65)
    at process.processTicksAndRejections (node:internal/process/task_queues:95:5) {
  status: 401,
  details: { detail: 'Monthly API request limit for free tier exceeded.' }
}
API KEY: 73b499b7-26a2-44d3-84f9-170535240aaa
❌ Ошибка при обновлении данных: CarapisClientError: HTTP error 401 for GET /apix/encar/v2/vehicles/: Monthly API request limit for free tier exceeded.
    at CarapisClient.<anonymous> (/var/www/myproject/node_modules/encar/dist/client.js:173:31)
    at Generator.throw (<anonymous>)
    at rejected (/var/www/myproject/node_modules/encar/dist/client.js:6:65)
    at process.processTicksAndRejections (node:internal/process/task_queues:95:5) {
  status: 401,
  details: { detail: 'Monthly API request limit for free tier exceeded.' }
}
API KEY: 73b499b7-26a2-44d3-84f9-170535240aaa
❌ Ошибка при обновлении данных: CarapisClientError: HTTP error 401 for GET /apix/encar/v2/vehicles/: Monthly API request limit for free tier exceeded.
    at CarapisClient.<anonymous> (/var/www/myproject/node_modules/encar/dist/client.js:173:31)
    at Generator.throw (<anonymous>)
    at rejected (/var/www/myproject/node_modules/encar/dist/client.js:6:65)
    at process.processTicksAndRejections (node:internal/process/task_queues:95:5) {
  status: 401,
  details: { detail: 'Monthly API request limit for free tier exceeded.' }
}
API KEY: 73b499b7-26a2-44d3-84f9-170535240aaa
❌ Ошибка при обновлении данных: CarapisClientError: HTTP error 401 for GET /apix/encar/v2/vehicles/: Monthly API request limit for free tier exceeded.
    at CarapisClient.<anonymous> (/var/www/myproject/node_modules/encar/dist/client.js:173:31)
    at Generator.throw (<anonymous>)
    at rejected (/var/www/myproject/node_modules/encar/dist/client.js:6:65)
    at process.processTicksAndRejections (node:internal/process/task_queues:95:5) {
  status: 401,
  details: { detail: 'Monthly API request limit for free tier exceeded.' }
}
API KEY: 73b499b7-26a2-44d3-84f9-170535240aaa
❌ Ошибка при обновлении данных: CarapisClientError: HTTP error 401 for GET /apix/encar/v2/vehicles/: Monthly API request limit for free tier exceeded.
    at CarapisClient.<anonymous> (/var/www/myproject/node_modules/encar/dist/client.js:173:31)
    at Generator.throw (<anonymous>)
    at rejected (/var/www/myproject/node_modules/encar/dist/client.js:6:65)
    at process.processTicksAndRejections (node:internal/process/task_queues:95:5) {
  status: 401,
  details: { detail: 'Monthly API request limit for free tier exceeded.' }
}
API KEY: 73b499b7-26a2-44d3-84f9-170535240aaa
❌ Ошибка при обновлении данных: CarapisClientError: HTTP error 401 for GET /apix/encar/v2/vehicles/: Monthly API request limit for free tier exceeded.
    at CarapisClient.<anonymous> (/var/www/myproject/node_modules/encar/dist/client.js:173:31)
    at Generator.throw (<anonymous>)
    at rejected (/var/www/myproject/node_modules/encar/dist/client.js:6:65)
    at process.processTicksAndRejections (node:internal/process/task_queues:95:5) {
  status: 401,
  details: { detail: 'Monthly API request limit for free tier exceeded.' }
}
API KEY: 73b499b7-26a2-44d3-84f9-170535240aaa
❌ Ошибка при обновлении данных: CarapisClientError: HTTP error 401 for GET /apix/encar/v2/vehicles/: Monthly API request limit for free tier exceeded.
    at CarapisClient.<anonymous> (/var/www/myproject/node_modules/encar/dist/client.js:173:31)
    at Generator.throw (<anonymous>)
    at rejected (/var/www/myproject/node_modules/encar/dist/client.js:6:65)
    at process.processTicksAndRejections (node:internal/process/task_queues:95:5) {
  status: 401,
  details: { detail: 'Monthly API request limit for free tier exceeded.' }
}
API KEY: 73b499b7-26a2-44d3-84f9-170535240aaa
❌ Ошибка при обновлении данных: CarapisClientError: HTTP error 401 for GET /apix/encar/v2/vehicles/: Monthly API request limit for free tier exceeded.
    at CarapisClient.<anonymous> (/var/www/myproject/node_modules/encar/dist/client.js:173:31)
    at Generator.throw (<anonymous>)
    at rejected (/var/www/myproject/node_modules/encar/dist/client.js:6:65)
    at process.processTicksAndRejections (node:internal/process/task_queues:95:5) {
  status: 401,
  details: { detail: 'Monthly API request limit for free tier exceeded.' }
}
API KEY: 73b499b7-26a2-44d3-84f9-170535240aaa
❌ Ошибка при обновлении данных: CarapisClientError: HTTP error 401 for GET /apix/encar/v2/vehicles/: Monthly API request limit for free tier exceeded.
    at CarapisClient.<anonymous> (/var/www/myproject/node_modules/encar/dist/client.js:173:31)
    at Generator.throw (<anonymous>)
    at rejected (/var/www/myproject/node_modules/encar/dist/client.js:6:65)
    at process.processTicksAndRejections (node:internal/process/task_queues:95:5) {
  status: 401,
  details: { detail: 'Monthly API request limit for free tier exceeded.' }
}
API KEY: 73b499b7-26a2-44d3-84f9-170535240aaa
❌ Ошибка при обновлении данных: CarapisClientError: HTTP error 401 for GET /apix/encar/v2/vehicles/: Monthly API request limit for free tier exceeded.
    at CarapisClient.<anonymous> (/var/www/myproject/node_modules/encar/dist/client.js:173:31)
    at Generator.throw (<anonymous>)
    at rejected (/var/www/myproject/node_modules/encar/dist/client.js:6:65)
    at process.processTicksAndRejections (node:internal/process/task_queues:95:5) {
  status: 401,
  details: { detail: 'Monthly API request limit for free tier exceeded.' }
}
API KEY: 73b499b7-26a2-44d3-84f9-170535240aaa
❌ Ошибка при обновлении данных: CarapisClientError: HTTP error 401 for GET /apix/encar/v2/vehicles/: Monthly API request limit for free tier exceeded.
    at CarapisClient.<anonymous> (/var/www/myproject/node_modules/encar/dist/client.js:173:31)
    at Generator.throw (<anonymous>)
    at rejected (/var/www/myproject/node_modules/encar/dist/client.js:6:65)
    at process.processTicksAndRejections (node:internal/process/task_queues:95:5) {
  status: 401,
  details: { detail: 'Monthly API request limit for free tier exceeded.' }
}
API KEY: 73b499b7-26a2-44d3-84f9-170535240aaa
❌ Ошибка при обновлении данных: CarapisClientError: HTTP error 401 for GET /apix/encar/v2/vehicles/: Monthly API request limit for free tier exceeded.
    at CarapisClient.<anonymous> (/var/www/myproject/node_modules/encar/dist/client.js:173:31)
    at Generator.throw (<anonymous>)
    at rejected (/var/www/myproject/node_modules/encar/dist/client.js:6:65)
    at process.processTicksAndRejections (node:internal/process/task_queues:95:5) {
  status: 401,
  details: { detail: 'Monthly API request limit for free tier exceeded.' }
}
API KEY: 73b499b7-26a2-44d3-84f9-170535240aaa
❌ Ошибка при обновлении данных: CarapisClientError: HTTP error 401 for GET /apix/encar/v2/vehicles/: Monthly API request limit for free tier exceeded.
    at CarapisClient.<anonymous> (/var/www/myproject/node_modules/encar/dist/client.js:173:31)
    at Generator.throw (<anonymous>)
    at rejected (/var/www/myproject/node_modules/encar/dist/client.js:6:65)
    at process.processTicksAndRejections (node:internal/process/task_queues:95:5) {
  status: 401,
  details: { detail: 'Monthly API request limit for free tier exceeded.' }
}
